<?xml version="1.0" encoding="UTF-8"?>
<!-- Generated by org.testng.reporters.JUnitXMLReporter -->
<testsuite hostname="LT0088970" ignored="0" name="HomePageTest" tests="4" failures="0" timestamp="06 Aug 2018 08:21:33 GMT" time="26.711" errors="0">
  <testcase name="homeLabelTest" time="0.545" classname="com.form16.qa.testcases.HomePageTest"/>
  <testcase name="clickOnServiceTest" time="3.121" classname="com.form16.qa.testcases.HomePageTest"/>
  <testcase name="form16linkTitleTest" time="0.54" classname="com.form16.qa.testcases.HomePageTest"/>
  <testcase name="clickOnForm16Test" time="6.16" classname="com.form16.qa.testcases.HomePageTest"/>
</testsuite> <!-- HomePageTest -->
