<?xml version="1.0" encoding="UTF-8"?>
<!-- Generated by org.testng.reporters.JUnitXMLReporter -->
<testsuite hostname="LT0088970" ignored="0" name="LoginPageTest" tests="3" failures="0" timestamp="06 Aug 2018 08:21:07 GMT" time="16.754" errors="0">
  <testcase name="hrServicelogoTest" time="0.053" classname="com.form16.qa.testcases.LoginPageTest"/>
  <testcase name="loginPageTitleTest" time="0.012" classname="com.form16.qa.testcases.LoginPageTest"/>
  <testcase name="loginTest" time="0.256" classname="com.form16.qa.testcases.LoginPageTest"/>
</testsuite> <!-- LoginPageTest -->
