<?xml version="1.0" encoding="UTF-8"?>
<!-- Generated by org.testng.reporters.JUnitXMLReporter -->
<testsuite hostname="LT0088970" ignored="2" name="Test" tests="14" failures="0" timestamp="27 Jun 2018 17:38:46 GMT" time="12.114" errors="0">
  <testcase name="@BeforeClass setUP" time="0.015" classname="com.form16.qa.testcases.LoginPageTest">
    <failure type="java.lang.NullPointerException">
      <![CDATA[java.lang.NullPointerException
at com.form16.qa.base.TestBase.initialization(TestBase.java:82)
at com.form16.qa.testcases.LoginPageTest.setUP(LoginPageTest.java:27)
... Removed 26 stack frames]]>
    </failure>
  </testcase> <!-- @BeforeClass setUP -->
  <testcase name="@AfterMethod getResult" time="0.0" classname="com.form16.qa.base.TestBase">
    <skipped/>
  </testcase> <!-- @AfterMethod getResult -->
  <testcase name="@AfterMethod getResult" time="0.0" classname="com.form16.qa.base.TestBase">
    <skipped/>
  </testcase> <!-- @AfterMethod getResult -->
  <testcase name="@AfterMethod getResult" time="0.0" classname="com.form16.qa.base.TestBase">
    <skipped/>
  </testcase> <!-- @AfterMethod getResult -->
  <testcase name="@AfterClass teardown" time="4.003" classname="com.form16.qa.base.TestBase">
    <failure type="java.lang.NullPointerException">
      <![CDATA[java.lang.NullPointerException
at com.form16.qa.base.TestBase.teardown(TestBase.java:124)
... Removed 26 stack frames]]>
    </failure>
  </testcase> <!-- @AfterClass teardown -->
  <testcase name="@BeforeClass setUP" time="0.0" classname="com.form16.qa.testcases.HomePageTest">
    <failure type="java.lang.NullPointerException">
      <![CDATA[java.lang.NullPointerException
at com.form16.qa.base.TestBase.initialization(TestBase.java:82)
at com.form16.qa.testcases.HomePageTest.setUP(HomePageTest.java:29)
... Removed 26 stack frames]]>
    </failure>
  </testcase> <!-- @BeforeClass setUP -->
  <testcase name="@AfterMethod getResult" time="0.0" classname="com.form16.qa.base.TestBase">
    <skipped/>
  </testcase> <!-- @AfterMethod getResult -->
  <testcase name="@AfterMethod getResult" time="0.0" classname="com.form16.qa.base.TestBase">
    <skipped/>
  </testcase> <!-- @AfterMethod getResult -->
  <testcase name="@AfterMethod getResult" time="0.0" classname="com.form16.qa.base.TestBase">
    <skipped/>
  </testcase> <!-- @AfterMethod getResult -->
  <testcase name="@AfterMethod getResult" time="0.0" classname="com.form16.qa.base.TestBase">
    <skipped/>
  </testcase> <!-- @AfterMethod getResult -->
  <testcase name="@AfterClass teardown" time="4.0" classname="com.form16.qa.base.TestBase">
    <failure type="java.lang.NullPointerException">
      <![CDATA[java.lang.NullPointerException
at com.form16.qa.base.TestBase.teardown(TestBase.java:124)
... Removed 26 stack frames]]>
    </failure>
  </testcase> <!-- @AfterClass teardown -->
  <testcase name="@BeforeClass setUP" time="0.0" classname="com.form16.qa.testcases.Form16PageTest">
    <failure type="java.lang.NullPointerException">
      <![CDATA[java.lang.NullPointerException
at com.form16.qa.base.TestBase.initialization(TestBase.java:82)
at com.form16.qa.testcases.Form16PageTest.setUP(Form16PageTest.java:33)
... Removed 26 stack frames]]>
    </failure>
  </testcase> <!-- @BeforeClass setUP -->
  <testcase name="@AfterMethod getResult" time="0.0" classname="com.form16.qa.base.TestBase">
    <skipped/>
  </testcase> <!-- @AfterMethod getResult -->
  <testcase name="@AfterMethod getResult" time="0.0" classname="com.form16.qa.base.TestBase">
    <skipped/>
  </testcase> <!-- @AfterMethod getResult -->
  <testcase name="@AfterMethod getResult" time="0.0" classname="com.form16.qa.base.TestBase">
    <skipped/>
  </testcase> <!-- @AfterMethod getResult -->
  <testcase name="@AfterMethod getResult" time="0.0" classname="com.form16.qa.base.TestBase">
    <skipped/>
  </testcase> <!-- @AfterMethod getResult -->
  <testcase name="@AfterMethod getResult" time="0.0" classname="com.form16.qa.base.TestBase">
    <skipped/>
  </testcase> <!-- @AfterMethod getResult -->
  <testcase name="@AfterMethod getResult" time="0.0" classname="com.form16.qa.base.TestBase">
    <skipped/>
  </testcase> <!-- @AfterMethod getResult -->
  <testcase name="@AfterMethod getResult" time="0.0" classname="com.form16.qa.base.TestBase">
    <skipped/>
  </testcase> <!-- @AfterMethod getResult -->
  <testcase name="@AfterClass teardown" time="4.001" classname="com.form16.qa.base.TestBase">
    <failure type="java.lang.NullPointerException">
      <![CDATA[java.lang.NullPointerException
at com.form16.qa.base.TestBase.teardown(TestBase.java:124)
... Removed 26 stack frames]]>
    </failure>
  </testcase> <!-- @AfterClass teardown -->
  <testcase name="hrServicelogoTest" time="0.0" classname="com.form16.qa.testcases.LoginPageTest">
    <skipped/>
  </testcase> <!-- hrServicelogoTest -->
  <testcase name="loginPageTitleTest" time="0.0" classname="com.form16.qa.testcases.LoginPageTest">
    <skipped/>
  </testcase> <!-- loginPageTitleTest -->
  <testcase name="loginTest" time="0.0" classname="com.form16.qa.testcases.LoginPageTest">
    <skipped/>
  </testcase> <!-- loginTest -->
  <testcase name="homeLabelTest" time="0.0" classname="com.form16.qa.testcases.HomePageTest">
    <skipped/>
  </testcase> <!-- homeLabelTest -->
  <testcase name="clickOnServiceTest" time="0.0" classname="com.form16.qa.testcases.HomePageTest">
    <skipped/>
  </testcase> <!-- clickOnServiceTest -->
  <testcase name="form16linkTitleTest" time="0.0" classname="com.form16.qa.testcases.HomePageTest">
    <skipped/>
  </testcase> <!-- form16linkTitleTest -->
  <testcase name="clickOnForm16Test" time="0.0" classname="com.form16.qa.testcases.HomePageTest">
    <skipped/>
  </testcase> <!-- clickOnForm16Test -->
  <testcase name="form16TabTest" time="0.0" classname="com.form16.qa.testcases.Form16PageTest">
    <skipped/>
  </testcase> <!-- form16TabTest -->
  <testcase name="policyButtonTest" time="0.0" classname="com.form16.qa.testcases.Form16PageTest">
    <skipped/>
  </testcase> <!-- policyButtonTest -->
  <testcase name="leftSpinnerTest" time="0.0" classname="com.form16.qa.testcases.Form16PageTest">
    <skipped/>
  </testcase> <!-- leftSpinnerTest -->
  <testcase name="rightSpinnerTest" time="0.0" classname="com.form16.qa.testcases.Form16PageTest">
    <skipped/>
  </testcase> <!-- rightSpinnerTest -->
  <testcase name="instrcutionTabTest" time="0.0" classname="com.form16.qa.testcases.Form16PageTest">
    <skipped/>
  </testcase> <!-- instrcutionTabTest -->
  <testcase name="pdfDownloadTest" time="0.0" classname="com.form16.qa.testcases.Form16PageTest">
    <skipped/>
  </testcase> <!-- pdfDownloadTest -->
  <testcase name="instructiontabTextTest" time="0.0" classname="com.form16.qa.testcases.Form16PageTest">
    <skipped/>
  </testcase> <!-- instructiontabTextTest -->
  <testcase name="@AfterSuite endReport" time="0.0" classname="com.form16.qa.base.TestBase">
    <ignored/>
  </testcase> <!-- @AfterSuite endReport -->
  <testcase name="@AfterSuite endReport" time="0.0" classname="com.form16.qa.base.TestBase">
    <ignored/>
  </testcase> <!-- @AfterSuite endReport -->
</testsuite> <!-- Test -->
