<?xml version="1.0" encoding="UTF-8"?>
<!-- Generated by org.testng.reporters.JUnitXMLReporter -->
<testsuite hostname="LT0088970" ignored="0" name="TestOne" tests="3" failures="1" timestamp="03 Jul 2018 13:04:10 GMT" time="0.034" errors="0">
  <testcase name="testMethodOne" time="0.012" classname="form16.TestClassOne"/>
  <testcase name="testMethodthird" time="0.001" classname="form16.TestClassOne">
    <skipped/>
  </testcase> <!-- testMethodthird -->
  <testcase name="testMethodtwo" time="0.002" classname="form16.TestClassOne">
    <failure type="java.lang.AssertionError" message="expected [true] but found [false]">
      <![CDATA[java.lang.AssertionError: expected [true] but found [false]
at form16.TestClassOne.testMethodtwo(TestClassOne.java:37)
... Removed 29 stack frames]]>
    </failure>
  </testcase> <!-- testMethodtwo -->
</testsuite> <!-- TestOne -->
