<?xml version="1.0" encoding="UTF-8"?>
<!-- Generated by org.testng.reporters.JUnitXMLReporter -->
<testsuite hostname="LT0088970" ignored="2" name="Test" tests="6" failures="2" timestamp="03 Jul 2018 08:38:09 GMT" time="0.073" errors="0">
  <testcase name="testMethodOne" time="0.013" classname="form16.TestClassOne"/>
  <testcase name="testMethodthird" time="0.001" classname="form16.TestClassOne">
    <skipped/>
  </testcase> <!-- testMethodthird -->
  <testcase name="testMethodtwo" time="0.002" classname="form16.TestClassOne">
    <failure type="java.lang.AssertionError" message="expected [true] but found [false]">
      <![CDATA[java.lang.AssertionError: expected [true] but found [false]
at form16.TestClassOne.testMethodtwo(TestClassOne.java:32)
... Removed 29 stack frames]]>
    </failure>
  </testcase> <!-- testMethodtwo -->
  <testcase name="testMethod4" time="0.001" classname="form16.TestClassTwo"/>
  <testcase name="testMethod5" time="0.001" classname="form16.TestClassTwo">
    <failure type="java.lang.AssertionError" message="expected [true] but found [false]">
      <![CDATA[java.lang.AssertionError: expected [true] but found [false]
at form16.TestClassTwo.testMethod5(TestClassTwo.java:21)
... Removed 29 stack frames]]>
    </failure>
  </testcase> <!-- testMethod5 -->
  <testcase name="testMethod6" time="0.002" classname="form16.TestClassTwo">
    <skipped/>
  </testcase> <!-- testMethod6 -->
  <testcase name="@AfterSuite endReport" time="0.0" classname="form16.Testbases">
    <ignored/>
  </testcase> <!-- @AfterSuite endReport -->
  <testcase name="@BeforeSuite startReport" time="0.0" classname="form16.Testbases">
    <ignored/>
  </testcase> <!-- @BeforeSuite startReport -->
</testsuite> <!-- Test -->
