<?xml version="1.0" encoding="UTF-8"?>
<!-- Generated by org.testng.reporters.JUnitXMLReporter -->
<testsuite hostname="LT0088970" ignored="0" name="TestTwo" tests="3" failures="1" timestamp="03 Jul 2018 13:04:10 GMT" time="0.009" errors="0">
  <testcase name="testMethod4" time="0.001" classname="form16.TestClassTwo"/>
  <testcase name="testMethod5" time="0.001" classname="form16.TestClassTwo">
    <failure type="java.lang.AssertionError" message="expected [true] but found [false]">
      <![CDATA[java.lang.AssertionError: expected [true] but found [false]
at form16.TestClassTwo.testMethod5(TestClassTwo.java:21)
... Removed 29 stack frames]]>
    </failure>
  </testcase> <!-- testMethod5 -->
  <testcase name="testMethod6" time="0.001" classname="form16.TestClassTwo">
    <skipped/>
  </testcase> <!-- testMethod6 -->
</testsuite> <!-- TestTwo -->
